This file contains any messages produced by compilers while
running configure, to aid debugging if configure makes a mistake.

It was created by lame configure 3.98.4, which was
generated by GNU Autoconf 2.61.  Invocation command line was

  $ ./configure --prefix=/Users/loneswordman/Downloads/ffmpeg_libfdkaac_x264/FFmpeg_libfdkaac_x264_lame/jni/lame-3.98.4/../out/armeabi-v7a --host=armv7a-linux-androideabi --enable-static --disable-shared

## --------- ##
## Platform. ##
## --------- ##

hostname = bogon
uname -m = x86_64
uname -r = 15.6.0
uname -s = Darwin
uname -v = Darwin Kernel Version 15.6.0: Thu Jun 23 18:25:34 PDT 2016; root:xnu-3248.60.10~1/RELEASE_X86_64

/usr/bin/uname -p = i386
/bin/uname -X     = unknown

/bin/arch              = unknown
/usr/bin/arch -k       = unknown
/usr/convex/getsysinfo = unknown
/usr/bin/hostinfo      = Mach kernel version:
	 Darwin Kernel Version 15.6.0: Thu Jun 23 18:25:34 PDT 2016; root:xnu-3248.60.10~1/RELEASE_X86_64
Kernel configured for up to 4 processors.
2 processors are physically available.
4 processors are logically available.
Processor type: x86_64h (Intel x86-64h Haswell)
Processors active: 0 1 2 3
Primary memory available: 8.00 gigabytes
Default processor set: 218 tasks, 1120 threads, 4 processors
Load average: 2.96, Mach factor: 1.65
/bin/machine           = unknown
/usr/bin/oslevel       = unknown
/bin/universe          = unknown

PATH: /Users/loneswordman/Downloads/cocos2d-x-3.15.1/templates
PATH: /Users/loneswordman/Downloads
PATH: /Users/loneswordman/Downloads/cocos2d-x-3.15.1/tools/cocos2d-console/bin
PATH: /Users/loneswordman/.rvm/gems/ruby-2.3.0/bin
PATH: /Users/loneswordman/.rvm/gems/ruby-2.3.0@global/bin
PATH: /Users/loneswordman/.rvm/rubies/ruby-2.3.0/bin
PATH: /usr/local/bin/ffmpeg/bin
PATH: /Users/loneswordman/Downloads/depot_tools
PATH: /usr/local/mysql/bin
PATH: /Applications/adt-bundle-mac-x86_64-20140702/sdk/tools
PATH: /Applications/adt-bundle-mac-x86_64-20140702/sdk/platform-tools
PATH: /Library/Frameworks/Python.framework/Versions/2.7/bin
PATH: .
PATH: /usr/local/bin
PATH: /usr/bin
PATH: /bin
PATH: /usr/sbin
PATH: /sbin
PATH: /usr/local/go/bin
PATH: /Library/Java/JavaVirtualMachines/jdk1.7.0_79.jdk/Contents/Home /bin
PATH: /Applications/android-ndk-r13/
PATH: /Users/loneswordman/Downloads/gradle/gradle-2.14.1/bin
PATH: /Users/loneswordman/Downloads/apache-maven-3.2.5/bin
PATH: /Users/loneswordman/.rvm/bin
PATH: /Users/loneswordman/.rvm/bin


## ----------- ##
## Core tests. ##
## ----------- ##

configure:2050: checking build system type
configure:2068: result: i686-apple-darwin15.6.0
configure:2090: checking host system type
configure:2099: error: /bin/sh ./config.sub armv7a-linux-androideabi failed

## ---------------- ##
## Cache variables. ##
## ---------------- ##

ac_cv_build=i686-apple-darwin15.6.0
ac_cv_env_CCC_set=
ac_cv_env_CCC_value=
ac_cv_env_CC_set=set
ac_cv_env_CC_value='/Applications/android-ndk-r13/toolchains/arm-linux-androideabi-4.9/prebuilt/darwin-x86_64/bin/arm-linux-androideabi-gcc --sysroot=/Applications/android-ndk-r13/platforms/android-14/arch-arm'
ac_cv_env_CFLAGS_set=set
ac_cv_env_CFLAGS_value='-O3 -DANDROID -march=armv7-a -mfloat-abi=softfp -mfpu=neon'
ac_cv_env_CPPFLAGS_set=
ac_cv_env_CPPFLAGS_value=
ac_cv_env_CPP_set=
ac_cv_env_CPP_value=
ac_cv_env_CXXCPP_set=
ac_cv_env_CXXCPP_value=
ac_cv_env_CXXFLAGS_set=
ac_cv_env_CXXFLAGS_value=
ac_cv_env_CXX_set=set
ac_cv_env_CXX_value='/Applications/android-ndk-r13/toolchains/arm-linux-androideabi-4.9/prebuilt/darwin-x86_64/bin/arm-linux-androideabi-g++ --sysroot=/Applications/android-ndk-r13/platforms/android-14/arch-arm'
ac_cv_env_F77_set=
ac_cv_env_F77_value=
ac_cv_env_FFLAGS_set=
ac_cv_env_FFLAGS_value=
ac_cv_env_LDFLAGS_set=set
ac_cv_env_LDFLAGS_value=-Wl,-dynamic-linker=/system/bin/linker
ac_cv_env_LIBS_set=
ac_cv_env_LIBS_value=
ac_cv_env_PKG_CONFIG_set=
ac_cv_env_PKG_CONFIG_value=
ac_cv_env_SNDFILE_CFLAGS_set=
ac_cv_env_SNDFILE_CFLAGS_value=
ac_cv_env_SNDFILE_LIBS_set=
ac_cv_env_SNDFILE_LIBS_value=
ac_cv_env_build_alias_set=
ac_cv_env_build_alias_value=
ac_cv_env_host_alias_set=set
ac_cv_env_host_alias_value=armv7a-linux-androideabi
ac_cv_env_target_alias_set=
ac_cv_env_target_alias_value=
ac_cv_host=

## ----------------- ##
## Output variables. ##
## ----------------- ##

ACLOCAL=''
ALLOCA=''
AMDEPBACKSLASH=''
AMDEP_FALSE=''
AMDEP_TRUE=''
AMTAR=''
ANSI2KNR=''
AR='/Applications/android-ndk-r13/toolchains/arm-linux-androideabi-4.9/prebuilt/darwin-x86_64/bin/arm-linux-androideabi-ar'
AUTOCONF=''
AUTOHEADER=''
AUTOMAKE=''
AWK=''
CC='/Applications/android-ndk-r13/toolchains/arm-linux-androideabi-4.9/prebuilt/darwin-x86_64/bin/arm-linux-androideabi-gcc --sysroot=/Applications/android-ndk-r13/platforms/android-14/arch-arm'
CCDEPMODE=''
CFLAGS='-O3 -DANDROID -march=armv7-a -mfloat-abi=softfp -mfpu=neon'
CONFIG_DEFS=''
CONFIG_MATH_LIB=''
CPP=''
CPPFLAGS=''
CPUCCODE=''
CPUTYPE=''
CXX='/Applications/android-ndk-r13/toolchains/arm-linux-androideabi-4.9/prebuilt/darwin-x86_64/bin/arm-linux-androideabi-g++ --sysroot=/Applications/android-ndk-r13/platforms/android-14/arch-arm'
CXXCPP=''
CXXDEPMODE=''
CXXFLAGS=''
CYGPATH_W=''
DEFS=''
DEPDIR=''
ECHO='/bin/echo'
ECHO_C='ECHO_N=''
ECHO_T=''
EGREP=''
EXEEXT=''
F77=''
FFLAGS=''
FRONTEND_CFLAGS=''
FRONTEND_LDADD=''
FRONTEND_LDFLAGS=''
GREP=''
GTK_CFLAGS=''
GTK_CONFIG=''
GTK_LIBS=''
HAVE_NASM_FALSE=''
HAVE_NASM_TRUE=''
INCLUDES=''
INSTALL_DATA=''
INSTALL_PROGRAM=''
INSTALL_SCRIPT=''
INSTALL_STRIP_PROGRAM=''
LDADD=''
LDFLAGS='-Wl,-dynamic-linker=/system/bin/linker'
LIBOBJS=''
LIBS=''
LIBTOOL=''
LIBTOOL_DEPS=''
LIB_MAJOR_VERSION=''
LIB_MINOR_VERSION=''
LIB_WITH_DECODER_FALSE=''
LIB_WITH_DECODER_TRUE=''
LN_S=''
LTLIBOBJS=''
MAINT=''
MAINTAINER_MODE_FALSE=''
MAINTAINER_MODE_TRUE=''
MAKEDEP=''
MAKEINFO=''
NASM=''
NASM_FORMAT=''
OBJEXT=''
PACKAGE=''
PACKAGE_BUGREPORT='lame-dev@lists.sf.net'
PACKAGE_NAME='lame'
PACKAGE_STRING='lame 3.98.4'
PACKAGE_TARNAME='lame'
PACKAGE_VERSION='3.98.4'
PATH_SEPARATOR=':'
PKG_CONFIG=''
RANLIB='/Applications/android-ndk-r13/toolchains/arm-linux-androideabi-4.9/prebuilt/darwin-x86_64/bin/arm-linux-androideabi-ranlib'
RM_F=''
SED=''
SET_MAKE=''
SHELL='/bin/sh'
SNDFILE_CFLAGS=''
SNDFILE_LIBS=''
STRIP='/Applications/android-ndk-r13/toolchains/arm-linux-androideabi-4.9/prebuilt/darwin-x86_64/bin/arm-linux-androideabi-strip'
U=''
VERSION=''
WITH_BRHIST_FALSE=''
WITH_BRHIST_TRUE=''
WITH_FRONTEND=''
WITH_MP3RTP=''
WITH_MP3X=''
WITH_VECTOR_FALSE=''
WITH_VECTOR_TRUE=''
WITH_XMM_FALSE=''
WITH_XMM_TRUE=''
ac_ct_CC=''
ac_ct_CXX=''
ac_ct_F77=''
am__fastdepCC_FALSE=''
am__fastdepCC_TRUE=''
am__fastdepCXX_FALSE=''
am__fastdepCXX_TRUE=''
am__include=''
am__isrc=''
am__leading_dot=''
am__quote=''
am__tar=''
am__untar=''
bindir='${exec_prefix}/bin'
build='i686-apple-darwin15.6.0'
build_alias=''
build_cpu='i686'
build_os='darwin15.6.0'
build_vendor='apple'
datadir='${datarootdir}'
datarootdir='${prefix}/share'
docdir='${datarootdir}/doc/${PACKAGE_TARNAME}'
dvidir='${docdir}'
exec_prefix='NONE'
host='armv7a-linux-androideabi'
host_alias='armv7a-linux-androideabi'
host_cpu=''
host_os=''
host_vendor=''
htmldir='${docdir}'
includedir='${prefix}/include'
infodir='${datarootdir}/info'
install_sh=''
libdir='${exec_prefix}/lib'
libexecdir='${exec_prefix}/libexec'
localedir='${datarootdir}/locale'
localstatedir='${prefix}/var'
mandir='${datarootdir}/man'
mkdir_p=''
oldincludedir='/usr/include'
pdfdir='${docdir}'
prefix='/Users/loneswordman/Downloads/ffmpeg_libfdkaac_x264/FFmpeg_libfdkaac_x264_lame/jni/lame-3.98.4/../out/armeabi-v7a'
program_transform_name='s,x,x,'
psdir='${docdir}'
sbindir='${exec_prefix}/sbin'
sharedstatedir='${prefix}/com'
sysconfdir='${prefix}/etc'
target_alias=''

## ----------- ##
## confdefs.h. ##
## ----------- ##

#define PACKAGE_NAME "lame"
#define PACKAGE_TARNAME "lame"
#define PACKAGE_VERSION "3.98.4"
#define PACKAGE_STRING "lame 3.98.4"
#define PACKAGE_BUGREPORT "lame-dev@lists.sf.net"

configure: exit 1
